<?xml version="1.0" encoding="UTF-8"?>
<!-- Generated by org.testng.reporters.JUnitReportReporter -->
<testsuite hostname="GT0039" failures="0" tests="3" name="P1.TestPracto" time="131.818" errors="0" timestamp="2024-09-26T10:55:02 IST" skipped="0">
  <testcase classname="P1.TestPracto" name="ValidListDocotrs" time="41.447"/>
  <system-out/>
  <testcase classname="P1.TestPracto" name="ValidTimeSlotAndDateAndName" time="50.747"/>
  <system-out/>
  <testcase classname="P1.TestPracto" name="validFilteredValues" time="39.624"/>
  <system-out/>
</testsuite> <!-- P1.TestPracto -->
