<?xml version="1.0" encoding="UTF-8"?>
<!-- Generated by org.testng.reporters.JUnitReportReporter -->
<testsuite hostname="GT0039" failures="0" tests="3" name="P1.TestPracto" time="132.194" errors="0" timestamp="2024-09-26T15:16:25 IST" skipped="0">
  <testcase classname="P1.TestPracto" name="ValidListDocotrs" time="33.336"/>
  <system-out/>
  <testcase classname="P1.TestPracto" name="ValidTimeSlotAndDateAndName" time="42.070"/>
  <system-out/>
  <testcase classname="P1.TestPracto" name="validFilteredValues" time="56.788"/>
  <system-out/>
</testsuite> <!-- P1.TestPracto -->
